[2024-07-12T09:18:47.584+0000] {taskinstance.py:1957} INFO - Dependencies all met for dep_context=non-requeueable deps ti=<TaskInstance: store_data_from_kaggle.create_table manual__2024-07-12T09:18:40.219118+00:00 [queued]>
[2024-07-12T09:18:47.618+0000] {taskinstance.py:1957} INFO - Dependencies all met for dep_context=requeueable deps ti=<TaskInstance: store_data_from_kaggle.create_table manual__2024-07-12T09:18:40.219118+00:00 [queued]>
[2024-07-12T09:18:47.618+0000] {taskinstance.py:2171} INFO - Starting attempt 1 of 1
[2024-07-12T09:18:47.656+0000] {taskinstance.py:2192} INFO - Executing <Task(PostgresOperator): create_table> on 2024-07-12 09:18:40.219118+00:00
[2024-07-12T09:18:47.721+0000] {standard_task_runner.py:60} INFO - Started process 433 to run task
[2024-07-12T09:18:47.761+0000] {standard_task_runner.py:87} INFO - Running: ['***', 'tasks', 'run', 'store_data_from_kaggle', 'create_table', 'manual__2024-07-12T09:18:40.219118+00:00', '--job-id', '31', '--raw', '--subdir', 'DAGS_FOLDER/pipeline.py', '--cfg-path', '/tmp/tmpjflwp1yg']
[2024-07-12T09:18:47.783+0000] {standard_task_runner.py:88} INFO - Job 31: Subtask create_table
[2024-07-12T09:18:48.071+0000] {task_command.py:423} INFO - Running <TaskInstance: store_data_from_kaggle.create_table manual__2024-07-12T09:18:40.219118+00:00 [running]> on host ed07ad5522de
[2024-07-12T09:18:48.418+0000] {taskinstance.py:2481} INFO - Exporting env vars: AIRFLOW_CTX_DAG_OWNER='***' AIRFLOW_CTX_DAG_ID='store_data_from_kaggle' AIRFLOW_CTX_TASK_ID='create_table' AIRFLOW_CTX_EXECUTION_DATE='2024-07-12T09:18:40.219118+00:00' AIRFLOW_CTX_TRY_NUMBER='1' AIRFLOW_CTX_DAG_RUN_ID='manual__2024-07-12T09:18:40.219118+00:00'
[2024-07-12T09:18:48.420+0000] {sql.py:276} INFO - Executing: 
    CREATE TABLE  IF NOT EXISTS sales (
        Invoice VARCHAR(20),
        StockCode VARCHAR(20),
        Description TEXT,
        Quantity INTEGER,
        InvoiceDate TIMESTAMP,
        Price DECIMAL(10, 2),
        CustomerID NUMERIC,
        Country VARCHAR(100)
    );
    
[2024-07-12T09:18:48.421+0000] {crypto.py:82} WARNING - empty cryptography key - values will not be stored encrypted.
[2024-07-12T09:18:48.422+0000] {base.py:83} INFO - Using connection ID 'postgres_2' for task execution.
[2024-07-12T09:18:48.425+0000] {warnings.py:109} WARNING - /home/***/.local/lib/python3.8/site-packages/***/providers_manager.py:805: DeprecationWarning: The provider apache-***-providers-docker uses `hook-class-names` property in provider-info and has no `connection-types` one. The 'hook-class-names' property has been deprecated in favour of 'connection-types' in Airflow 2.2. Use **both** in case you want to have backwards compatibility with Airflow < 2.2
  warnings.warn(

[2024-07-12T09:18:48.438+0000] {base.py:83} INFO - Using connection ID 'postgres_2' for task execution.
[2024-07-12T09:18:48.463+0000] {sql.py:432} INFO - Running statement: 
    CREATE TABLE  IF NOT EXISTS sales (
        Invoice VARCHAR(20),
        StockCode VARCHAR(20),
        Description TEXT,
        Quantity INTEGER,
        InvoiceDate TIMESTAMP,
        Price DECIMAL(10, 2),
        CustomerID NUMERIC,
        Country VARCHAR(100)
    );
    , parameters: None
[2024-07-12T09:18:48.494+0000] {taskinstance.py:1138} INFO - Marking task as SUCCESS. dag_id=store_data_from_kaggle, task_id=create_table, execution_date=20240712T091840, start_date=20240712T091847, end_date=20240712T091848
[2024-07-12T09:18:48.633+0000] {local_task_job_runner.py:234} INFO - Task exited with return code 0
[2024-07-12T09:18:48.795+0000] {taskinstance.py:3281} INFO - 1 downstream tasks scheduled from follow-on schedule check
