[2024-07-11T08:18:30.821+0000] {processor.py:161} INFO - Started process (PID=1137) to work on /opt/airflow/dags/pipeline.py
[2024-07-11T08:18:30.822+0000] {processor.py:830} INFO - Processing file /opt/airflow/dags/pipeline.py for tasks to queue
[2024-07-11T08:18:30.824+0000] {logging_mixin.py:188} INFO - [2024-07-11T08:18:30.824+0000] {dagbag.py:538} INFO - Filling up the DagBag from /opt/airflow/dags/pipeline.py
[2024-07-11T08:18:30.853+0000] {logging_mixin.py:188} INFO - [2024-07-11T08:18:30.852+0000] {graph.py:377} INFO - Trying to parse the dbt project using dbt ls cache cosmos_cache__store_data_from_kaggle__transform...
[2024-07-11T08:18:30.875+0000] {logging_mixin.py:188} INFO - [2024-07-11T08:18:30.874+0000] {graph.py:383} INFO - Cosmos performance: Cache miss for cosmos_cache__store_data_from_kaggle__transform
[2024-07-11T08:18:31.004+0000] {logging_mixin.py:188} INFO - [2024-07-11T08:18:31.004+0000] {graph.py:425} INFO - Trying to parse the dbt project in `/opt/airflow/include/dbt` using dbt ls...
[2024-07-11T08:18:31.006+0000] {logging_mixin.py:188} INFO - [2024-07-11T08:18:31.006+0000] {config.py:288} INFO - Using user-supplied profiles.yml at /opt/airflow/include/dbt/profiles.yml
[2024-07-11T08:18:31.007+0000] {logging_mixin.py:188} INFO - [2024-07-11T08:18:31.007+0000] {graph.py:100} INFO - Running command: `/opt/airflow/dbt_venv/bin/dbt deps --project-dir /tmp/tmpnczz5w12 --profiles-dir /opt/airflow/include/dbt --profile online_retail --target dev`
[2024-07-11T08:18:39.284+0000] {logging_mixin.py:188} INFO - [2024-07-11T08:18:39.283+0000] {graph.py:100} INFO - Running command: `/opt/airflow/dbt_venv/bin/dbt ls --output json --project-dir /tmp/tmpnczz5w12 --profiles-dir /opt/airflow/include/dbt --profile online_retail --target dev --select path:models/transform`
[2024-07-11T08:18:46.458+0000] {logging_mixin.py:188} INFO - [2024-07-11T08:18:46.457+0000] {cache.py:259} INFO - Cosmos performance: time to calculate cache identifier cosmos_cache__store_data_from_kaggle__transform for current version: 0.000898323998626438
[2024-07-11T08:18:46.463+0000] {logging_mixin.py:188} INFO - [2024-07-11T08:18:46.463+0000] {crypto.py:82} WARNING - empty cryptography key - values will not be stored encrypted.
[2024-07-11T08:18:46.522+0000] {logging_mixin.py:188} INFO - [2024-07-11T08:18:46.521+0000] {graph.py:335} INFO - Total nodes: 0
[2024-07-11T08:18:46.523+0000] {logging_mixin.py:188} INFO - [2024-07-11T08:18:46.522+0000] {graph.py:336} INFO - Total filtered nodes: 0
[2024-07-11T08:18:46.524+0000] {logging_mixin.py:188} INFO - [2024-07-11T08:18:46.523+0000] {converter.py:251} INFO - Cosmos performance (store_data_from_kaggle__transform) -  [0446fad28ee8|1137]: It took 15.7s to parse the dbt project for DAG using LoadMode.DBT_LS
[2024-07-11T08:18:46.525+0000] {logging_mixin.py:188} INFO - [2024-07-11T08:18:46.525+0000] {converter.py:293} INFO - Cosmos performance (store_data_from_kaggle__transform) - [0446fad28ee8|1137]: It took 0.00119s to build the Airflow DAG.
[2024-07-11T08:18:46.528+0000] {logging_mixin.py:188} INFO - [2024-07-11T08:18:46.527+0000] {graph.py:377} INFO - Trying to parse the dbt project using dbt ls cache cosmos_cache__store_data_from_kaggle__report...
[2024-07-11T08:18:46.531+0000] {logging_mixin.py:188} INFO - [2024-07-11T08:18:46.530+0000] {graph.py:383} INFO - Cosmos performance: Cache miss for cosmos_cache__store_data_from_kaggle__report
[2024-07-11T08:18:46.532+0000] {logging_mixin.py:188} INFO - [2024-07-11T08:18:46.531+0000] {graph.py:425} INFO - Trying to parse the dbt project in `/opt/airflow/include/dbt` using dbt ls...
[2024-07-11T08:18:46.534+0000] {logging_mixin.py:188} INFO - [2024-07-11T08:18:46.533+0000] {config.py:288} INFO - Using user-supplied profiles.yml at /opt/airflow/include/dbt/profiles.yml
[2024-07-11T08:18:46.536+0000] {logging_mixin.py:188} INFO - [2024-07-11T08:18:46.535+0000] {graph.py:100} INFO - Running command: `/opt/airflow/dbt_venv/bin/dbt deps --project-dir /tmp/tmpoy6qo_sa --profiles-dir /opt/airflow/include/dbt --profile online_retail --target dev`
[2024-07-11T08:18:52.088+0000] {logging_mixin.py:188} INFO - [2024-07-11T08:18:52.087+0000] {graph.py:100} INFO - Running command: `/opt/airflow/dbt_venv/bin/dbt ls --output json --project-dir /tmp/tmpoy6qo_sa --profiles-dir /opt/airflow/include/dbt --profile online_retail --target dev --select path:models/report`
[2024-07-11T08:18:59.220+0000] {logging_mixin.py:188} INFO - [2024-07-11T08:18:59.219+0000] {cache.py:259} INFO - Cosmos performance: time to calculate cache identifier cosmos_cache__store_data_from_kaggle__report for current version: 0.0008033369995246176
[2024-07-11T08:18:59.246+0000] {logging_mixin.py:188} INFO - [2024-07-11T08:18:59.245+0000] {graph.py:335} INFO - Total nodes: 0
[2024-07-11T08:18:59.247+0000] {logging_mixin.py:188} INFO - [2024-07-11T08:18:59.246+0000] {graph.py:336} INFO - Total filtered nodes: 0
[2024-07-11T08:18:59.248+0000] {logging_mixin.py:188} INFO - [2024-07-11T08:18:59.247+0000] {converter.py:251} INFO - Cosmos performance (store_data_from_kaggle__report) -  [0446fad28ee8|1137]: It took 12.7s to parse the dbt project for DAG using LoadMode.DBT_LS
[2024-07-11T08:18:59.249+0000] {logging_mixin.py:188} INFO - [2024-07-11T08:18:59.248+0000] {converter.py:293} INFO - Cosmos performance (store_data_from_kaggle__report) - [0446fad28ee8|1137]: It took 0.000973s to build the Airflow DAG.
[2024-07-11T08:18:59.264+0000] {processor.py:840} INFO - DAG(s) 'store_data_from_kaggle' retrieved from /opt/airflow/dags/pipeline.py
[2024-07-11T08:18:59.682+0000] {logging_mixin.py:188} INFO - [2024-07-11T08:18:59.681+0000] {override.py:1769} INFO - Created Permission View: can read on DAG:store_data_from_kaggle
[2024-07-11T08:18:59.698+0000] {logging_mixin.py:188} INFO - [2024-07-11T08:18:59.697+0000] {override.py:1769} INFO - Created Permission View: can delete on DAG:store_data_from_kaggle
[2024-07-11T08:18:59.709+0000] {logging_mixin.py:188} INFO - [2024-07-11T08:18:59.709+0000] {override.py:1769} INFO - Created Permission View: can edit on DAG:store_data_from_kaggle
[2024-07-11T08:18:59.710+0000] {logging_mixin.py:188} INFO - [2024-07-11T08:18:59.709+0000] {dag.py:3033} INFO - Sync 1 DAGs
[2024-07-11T08:18:59.727+0000] {logging_mixin.py:188} INFO - [2024-07-11T08:18:59.727+0000] {dag.py:3055} INFO - Creating ORM DAG for store_data_from_kaggle
[2024-07-11T08:18:59.728+0000] {logging_mixin.py:188} INFO - [2024-07-11T08:18:59.728+0000] {dag.py:3820} INFO - Setting next_dagrun for store_data_from_kaggle to None, run_after=None
[2024-07-11T08:18:59.749+0000] {processor.py:183} INFO - Processing /opt/airflow/dags/pipeline.py took 28.940 seconds
[2024-07-11T08:19:29.980+0000] {processor.py:161} INFO - Started process (PID=1187) to work on /opt/airflow/dags/pipeline.py
[2024-07-11T08:19:29.992+0000] {processor.py:830} INFO - Processing file /opt/airflow/dags/pipeline.py for tasks to queue
[2024-07-11T08:19:29.994+0000] {logging_mixin.py:188} INFO - [2024-07-11T08:19:29.994+0000] {dagbag.py:538} INFO - Filling up the DagBag from /opt/airflow/dags/pipeline.py
[2024-07-11T08:19:30.024+0000] {logging_mixin.py:188} INFO - [2024-07-11T08:19:30.023+0000] {graph.py:377} INFO - Trying to parse the dbt project using dbt ls cache cosmos_cache__store_data_from_kaggle__transform...
[2024-07-11T08:19:30.046+0000] {logging_mixin.py:188} INFO - [2024-07-11T08:19:30.045+0000] {cache.py:259} INFO - Cosmos performance: time to calculate cache identifier cosmos_cache__store_data_from_kaggle__transform for current version: 0.000859771998875658
[2024-07-11T08:19:30.047+0000] {logging_mixin.py:188} INFO - [2024-07-11T08:19:30.046+0000] {graph.py:394} INFO - Cosmos performance [0446fad28ee8|1187]: The cache size for cosmos_cache__store_data_from_kaggle__transform is 543
[2024-07-11T08:19:30.048+0000] {logging_mixin.py:188} INFO - [2024-07-11T08:19:30.047+0000] {graph.py:402} INFO - Cosmos performance: Cache hit for cosmos_cache__store_data_from_kaggle__transform - 93d7fd10a8671d92407bcfbb49892400,16a7af22baa01082ccbc983a81f25573
[2024-07-11T08:19:30.048+0000] {logging_mixin.py:188} INFO - [2024-07-11T08:19:30.048+0000] {graph.py:335} INFO - Total nodes: 0
[2024-07-11T08:19:30.049+0000] {logging_mixin.py:188} INFO - [2024-07-11T08:19:30.049+0000] {graph.py:336} INFO - Total filtered nodes: 0
[2024-07-11T08:19:30.050+0000] {logging_mixin.py:188} INFO - [2024-07-11T08:19:30.050+0000] {converter.py:251} INFO - Cosmos performance (store_data_from_kaggle__transform) -  [0446fad28ee8|1187]: It took 0.0261s to parse the dbt project for DAG using LoadMode.DBT_LS_CACHE
[2024-07-11T08:19:30.051+0000] {logging_mixin.py:188} INFO - [2024-07-11T08:19:30.051+0000] {converter.py:293} INFO - Cosmos performance (store_data_from_kaggle__transform) - [0446fad28ee8|1187]: It took 0.00104s to build the Airflow DAG.
[2024-07-11T08:19:30.053+0000] {logging_mixin.py:188} INFO - [2024-07-11T08:19:30.053+0000] {graph.py:377} INFO - Trying to parse the dbt project using dbt ls cache cosmos_cache__store_data_from_kaggle__report...
[2024-07-11T08:19:30.057+0000] {logging_mixin.py:188} INFO - [2024-07-11T08:19:30.056+0000] {cache.py:259} INFO - Cosmos performance: time to calculate cache identifier cosmos_cache__store_data_from_kaggle__report for current version: 0.0007323450008698273
[2024-07-11T08:19:30.057+0000] {logging_mixin.py:188} INFO - [2024-07-11T08:19:30.057+0000] {graph.py:394} INFO - Cosmos performance [0446fad28ee8|1187]: The cache size for cosmos_cache__store_data_from_kaggle__report is 540
[2024-07-11T08:19:30.058+0000] {logging_mixin.py:188} INFO - [2024-07-11T08:19:30.058+0000] {graph.py:402} INFO - Cosmos performance: Cache hit for cosmos_cache__store_data_from_kaggle__report - 93d7fd10a8671d92407bcfbb49892400,b19b9830823bad0cf9106c2024ac4039
[2024-07-11T08:19:30.059+0000] {logging_mixin.py:188} INFO - [2024-07-11T08:19:30.059+0000] {graph.py:335} INFO - Total nodes: 0
[2024-07-11T08:19:30.069+0000] {logging_mixin.py:188} INFO - [2024-07-11T08:19:30.060+0000] {graph.py:336} INFO - Total filtered nodes: 0
[2024-07-11T08:19:30.069+0000] {logging_mixin.py:188} INFO - [2024-07-11T08:19:30.069+0000] {converter.py:251} INFO - Cosmos performance (store_data_from_kaggle__report) -  [0446fad28ee8|1187]: It took 0.0162s to parse the dbt project for DAG using LoadMode.DBT_LS_CACHE
[2024-07-11T08:19:30.070+0000] {logging_mixin.py:188} INFO - [2024-07-11T08:19:30.069+0000] {converter.py:293} INFO - Cosmos performance (store_data_from_kaggle__report) - [0446fad28ee8|1187]: It took 0.000548s to build the Airflow DAG.
[2024-07-11T08:19:30.075+0000] {processor.py:840} INFO - DAG(s) 'store_data_from_kaggle' retrieved from /opt/airflow/dags/pipeline.py
[2024-07-11T08:19:30.157+0000] {logging_mixin.py:188} INFO - [2024-07-11T08:19:30.157+0000] {dag.py:3033} INFO - Sync 1 DAGs
[2024-07-11T08:19:30.210+0000] {logging_mixin.py:188} INFO - [2024-07-11T08:19:30.210+0000] {dag.py:3820} INFO - Setting next_dagrun for store_data_from_kaggle to None, run_after=None
[2024-07-11T08:19:30.298+0000] {processor.py:183} INFO - Processing /opt/airflow/dags/pipeline.py took 0.351 seconds
[2024-07-11T08:20:00.507+0000] {processor.py:161} INFO - Started process (PID=1206) to work on /opt/airflow/dags/pipeline.py
[2024-07-11T08:20:00.516+0000] {processor.py:830} INFO - Processing file /opt/airflow/dags/pipeline.py for tasks to queue
[2024-07-11T08:20:00.521+0000] {logging_mixin.py:188} INFO - [2024-07-11T08:20:00.520+0000] {dagbag.py:538} INFO - Filling up the DagBag from /opt/airflow/dags/pipeline.py
[2024-07-11T08:20:00.553+0000] {logging_mixin.py:188} INFO - [2024-07-11T08:20:00.548+0000] {graph.py:377} INFO - Trying to parse the dbt project using dbt ls cache cosmos_cache__store_data_from_kaggle__transform...
[2024-07-11T08:20:00.604+0000] {logging_mixin.py:188} INFO - [2024-07-11T08:20:00.600+0000] {cache.py:259} INFO - Cosmos performance: time to calculate cache identifier cosmos_cache__store_data_from_kaggle__transform for current version: 0.0009022009999171132
[2024-07-11T08:20:00.605+0000] {logging_mixin.py:188} INFO - [2024-07-11T08:20:00.604+0000] {graph.py:394} INFO - Cosmos performance [0446fad28ee8|1206]: The cache size for cosmos_cache__store_data_from_kaggle__transform is 543
[2024-07-11T08:20:00.606+0000] {logging_mixin.py:188} INFO - [2024-07-11T08:20:00.605+0000] {graph.py:402} INFO - Cosmos performance: Cache hit for cosmos_cache__store_data_from_kaggle__transform - 93d7fd10a8671d92407bcfbb49892400,16a7af22baa01082ccbc983a81f25573
[2024-07-11T08:20:00.609+0000] {logging_mixin.py:188} INFO - [2024-07-11T08:20:00.606+0000] {graph.py:335} INFO - Total nodes: 0
[2024-07-11T08:20:00.609+0000] {logging_mixin.py:188} INFO - [2024-07-11T08:20:00.609+0000] {graph.py:336} INFO - Total filtered nodes: 0
[2024-07-11T08:20:00.616+0000] {logging_mixin.py:188} INFO - [2024-07-11T08:20:00.610+0000] {converter.py:251} INFO - Cosmos performance (store_data_from_kaggle__transform) -  [0446fad28ee8|1206]: It took 0.0618s to parse the dbt project for DAG using LoadMode.DBT_LS_CACHE
[2024-07-11T08:20:00.617+0000] {logging_mixin.py:188} INFO - [2024-07-11T08:20:00.617+0000] {converter.py:293} INFO - Cosmos performance (store_data_from_kaggle__transform) - [0446fad28ee8|1206]: It took 0.00705s to build the Airflow DAG.
[2024-07-11T08:20:00.619+0000] {logging_mixin.py:188} INFO - [2024-07-11T08:20:00.619+0000] {graph.py:377} INFO - Trying to parse the dbt project using dbt ls cache cosmos_cache__store_data_from_kaggle__report...
[2024-07-11T08:20:00.624+0000] {logging_mixin.py:188} INFO - [2024-07-11T08:20:00.623+0000] {cache.py:259} INFO - Cosmos performance: time to calculate cache identifier cosmos_cache__store_data_from_kaggle__report for current version: 0.0007089909995556809
[2024-07-11T08:20:00.625+0000] {logging_mixin.py:188} INFO - [2024-07-11T08:20:00.624+0000] {graph.py:394} INFO - Cosmos performance [0446fad28ee8|1206]: The cache size for cosmos_cache__store_data_from_kaggle__report is 540
[2024-07-11T08:20:00.633+0000] {logging_mixin.py:188} INFO - [2024-07-11T08:20:00.633+0000] {graph.py:402} INFO - Cosmos performance: Cache hit for cosmos_cache__store_data_from_kaggle__report - 93d7fd10a8671d92407bcfbb49892400,b19b9830823bad0cf9106c2024ac4039
[2024-07-11T08:20:00.634+0000] {logging_mixin.py:188} INFO - [2024-07-11T08:20:00.634+0000] {graph.py:335} INFO - Total nodes: 0
[2024-07-11T08:20:00.634+0000] {logging_mixin.py:188} INFO - [2024-07-11T08:20:00.634+0000] {graph.py:336} INFO - Total filtered nodes: 0
[2024-07-11T08:20:00.635+0000] {logging_mixin.py:188} INFO - [2024-07-11T08:20:00.635+0000] {converter.py:251} INFO - Cosmos performance (store_data_from_kaggle__report) -  [0446fad28ee8|1206]: It took 0.0158s to parse the dbt project for DAG using LoadMode.DBT_LS_CACHE
[2024-07-11T08:20:00.636+0000] {logging_mixin.py:188} INFO - [2024-07-11T08:20:00.635+0000] {converter.py:293} INFO - Cosmos performance (store_data_from_kaggle__report) - [0446fad28ee8|1206]: It took 0.000619s to build the Airflow DAG.
[2024-07-11T08:20:00.658+0000] {processor.py:840} INFO - DAG(s) 'store_data_from_kaggle' retrieved from /opt/airflow/dags/pipeline.py
[2024-07-11T08:20:00.701+0000] {logging_mixin.py:188} INFO - [2024-07-11T08:20:00.700+0000] {dag.py:3033} INFO - Sync 1 DAGs
[2024-07-11T08:20:00.724+0000] {logging_mixin.py:188} INFO - [2024-07-11T08:20:00.724+0000] {dag.py:3820} INFO - Setting next_dagrun for store_data_from_kaggle to None, run_after=None
[2024-07-11T08:20:00.782+0000] {processor.py:183} INFO - Processing /opt/airflow/dags/pipeline.py took 0.291 seconds
[2024-07-11T08:20:30.919+0000] {processor.py:161} INFO - Started process (PID=1223) to work on /opt/airflow/dags/pipeline.py
[2024-07-11T08:20:30.920+0000] {processor.py:830} INFO - Processing file /opt/airflow/dags/pipeline.py for tasks to queue
[2024-07-11T08:20:30.923+0000] {logging_mixin.py:188} INFO - [2024-07-11T08:20:30.922+0000] {dagbag.py:538} INFO - Filling up the DagBag from /opt/airflow/dags/pipeline.py
[2024-07-11T08:20:30.934+0000] {logging_mixin.py:188} INFO - [2024-07-11T08:20:30.933+0000] {graph.py:377} INFO - Trying to parse the dbt project using dbt ls cache cosmos_cache__store_data_from_kaggle__transform...
[2024-07-11T08:20:30.951+0000] {logging_mixin.py:188} INFO - [2024-07-11T08:20:30.951+0000] {cache.py:259} INFO - Cosmos performance: time to calculate cache identifier cosmos_cache__store_data_from_kaggle__transform for current version: 0.0005026159997214563
[2024-07-11T08:20:30.952+0000] {logging_mixin.py:188} INFO - [2024-07-11T08:20:30.951+0000] {graph.py:404} INFO - Cosmos performance: Cache miss for cosmos_cache__store_data_from_kaggle__transform - skipped
[2024-07-11T08:20:30.952+0000] {logging_mixin.py:188} INFO - [2024-07-11T08:20:30.952+0000] {graph.py:425} INFO - Trying to parse the dbt project in `/opt/airflow/include/dbt` using dbt ls...
[2024-07-11T08:20:30.954+0000] {logging_mixin.py:188} INFO - [2024-07-11T08:20:30.953+0000] {graph.py:444} INFO - Partial parse is enabled and the latest partial parse file is /tmp/cosmos/store_data_from_kaggle__transform/target/partial_parse.msgpack
[2024-07-11T08:20:30.961+0000] {logging_mixin.py:188} INFO - [2024-07-11T08:20:30.960+0000] {config.py:288} INFO - Using user-supplied profiles.yml at /opt/airflow/include/dbt/profiles.yml
[2024-07-11T08:20:30.961+0000] {logging_mixin.py:188} INFO - [2024-07-11T08:20:30.961+0000] {graph.py:100} INFO - Running command: `/opt/airflow/dbt_venv/bin/dbt deps --project-dir /tmp/tmplgwpyeyf --profiles-dir /opt/airflow/include/dbt --profile online_retail --target dev`
[2024-07-11T08:20:34.790+0000] {logging_mixin.py:188} INFO - [2024-07-11T08:20:34.789+0000] {graph.py:100} INFO - Running command: `/opt/airflow/dbt_venv/bin/dbt ls --output json --project-dir /tmp/tmplgwpyeyf --profiles-dir /opt/airflow/include/dbt --profile online_retail --target dev --select path:models/transform`
[2024-07-11T08:20:38.371+0000] {logging_mixin.py:188} INFO - [2024-07-11T08:20:38.345+0000] {dagbag.py:348} ERROR - Failed to import: /opt/airflow/dags/pipeline.py
Traceback (most recent call last):
  File "/home/airflow/.local/lib/python3.8/site-packages/airflow/models/dagbag.py", line 344, in parse
    loader.exec_module(new_module)
  File "<frozen importlib._bootstrap_external>", line 843, in exec_module
  File "<frozen importlib._bootstrap>", line 219, in _call_with_frames_removed
  File "/opt/airflow/dags/pipeline.py", line 93, in <module>
    transform_data = DbtTaskGroup(
  File "/home/airflow/.local/lib/python3.8/site-packages/cosmos/airflow/task_group.py", line 28, in __init__
    DbtToAirflowConverter.__init__(self, *args, **specific_kwargs(**kwargs))
  File "/home/airflow/.local/lib/python3.8/site-packages/cosmos/converter.py", line 247, in __init__
    self.dbt_graph.load(method=render_config.load_method, execution_mode=execution_config.execution_mode)
  File "/home/airflow/.local/lib/python3.8/site-packages/cosmos/dbt/graph.py", line 331, in load
    load_method[method]()
  File "/home/airflow/.local/lib/python3.8/site-packages/cosmos/dbt/graph.py", line 367, in load_via_dbt_ls
    self.load_via_dbt_ls_without_cache()
  File "/home/airflow/.local/lib/python3.8/site-packages/cosmos/dbt/graph.py", line 475, in load_via_dbt_ls_without_cache
    nodes = self.run_dbt_ls(dbt_cmd, self.project_path, tmpdir_path, env)
  File "/home/airflow/.local/lib/python3.8/site-packages/cosmos/dbt/graph.py", line 348, in run_dbt_ls
    stdout = run_command(ls_command, tmp_dir, env_vars)
  File "/home/airflow/.local/lib/python3.8/site-packages/cosmos/dbt/graph.py", line 120, in run_command
    raise CosmosLoadDbtException(f"Unable to run {command} due to the error:\n{details}")
cosmos.dbt.graph.CosmosLoadDbtException: Unable to run ['/opt/airflow/dbt_venv/bin/dbt', 'ls', '--output', 'json', '--project-dir', '/tmp/tmplgwpyeyf', '--profiles-dir', '/opt/airflow/include/dbt', '--profile', 'online_retail', '--target', 'dev', '--select', 'path:models/transform'] due to the error:
08:20:36  Running with dbt=1.8.3
08:20:36  Registered adapter: postgres=1.8.2
08:20:37  Encountered an error:
Compilation Error
  Model 'model.online_retail.report_year_invoices' (models/report /report_year_invoices.sql) depends on a node named 'fct_invoices' which was not found
[2024-07-11T08:20:38.372+0000] {processor.py:842} WARNING - No viable dags retrieved from /opt/airflow/dags/pipeline.py
[2024-07-11T08:20:38.397+0000] {processor.py:183} INFO - Processing /opt/airflow/dags/pipeline.py took 7.482 seconds
[2024-07-11T08:21:08.556+0000] {processor.py:161} INFO - Started process (PID=1255) to work on /opt/airflow/dags/pipeline.py
[2024-07-11T08:21:08.561+0000] {processor.py:830} INFO - Processing file /opt/airflow/dags/pipeline.py for tasks to queue
[2024-07-11T08:21:08.563+0000] {logging_mixin.py:188} INFO - [2024-07-11T08:21:08.563+0000] {dagbag.py:538} INFO - Filling up the DagBag from /opt/airflow/dags/pipeline.py
[2024-07-11T08:21:08.581+0000] {logging_mixin.py:188} INFO - [2024-07-11T08:21:08.581+0000] {graph.py:377} INFO - Trying to parse the dbt project using dbt ls cache cosmos_cache__store_data_from_kaggle__transform...
[2024-07-11T08:21:08.609+0000] {logging_mixin.py:188} INFO - [2024-07-11T08:21:08.608+0000] {cache.py:259} INFO - Cosmos performance: time to calculate cache identifier cosmos_cache__store_data_from_kaggle__transform for current version: 0.0008397040001000278
[2024-07-11T08:21:08.610+0000] {logging_mixin.py:188} INFO - [2024-07-11T08:21:08.610+0000] {graph.py:404} INFO - Cosmos performance: Cache miss for cosmos_cache__store_data_from_kaggle__transform - skipped
[2024-07-11T08:21:08.611+0000] {logging_mixin.py:188} INFO - [2024-07-11T08:21:08.611+0000] {graph.py:425} INFO - Trying to parse the dbt project in `/opt/airflow/include/dbt` using dbt ls...
[2024-07-11T08:21:08.616+0000] {logging_mixin.py:188} INFO - [2024-07-11T08:21:08.613+0000] {graph.py:444} INFO - Partial parse is enabled and the latest partial parse file is /tmp/cosmos/store_data_from_kaggle__transform/target/partial_parse.msgpack
[2024-07-11T08:21:08.627+0000] {logging_mixin.py:188} INFO - [2024-07-11T08:21:08.626+0000] {config.py:288} INFO - Using user-supplied profiles.yml at /opt/airflow/include/dbt/profiles.yml
[2024-07-11T08:21:08.628+0000] {logging_mixin.py:188} INFO - [2024-07-11T08:21:08.627+0000] {graph.py:100} INFO - Running command: `/opt/airflow/dbt_venv/bin/dbt deps --project-dir /tmp/tmpnh54jjtx --profiles-dir /opt/airflow/include/dbt --profile online_retail --target dev`
[2024-07-11T08:21:13.303+0000] {logging_mixin.py:188} INFO - [2024-07-11T08:21:13.302+0000] {graph.py:100} INFO - Running command: `/opt/airflow/dbt_venv/bin/dbt ls --output json --project-dir /tmp/tmpnh54jjtx --profiles-dir /opt/airflow/include/dbt --profile online_retail --target dev --select path:models/transform`
[2024-07-11T08:21:17.549+0000] {logging_mixin.py:188} INFO - [2024-07-11T08:21:17.547+0000] {cache.py:259} INFO - Cosmos performance: time to calculate cache identifier cosmos_cache__store_data_from_kaggle__transform for current version: 0.0007682410014240304
[2024-07-11T08:21:17.553+0000] {logging_mixin.py:188} INFO - [2024-07-11T08:21:17.553+0000] {crypto.py:82} WARNING - empty cryptography key - values will not be stored encrypted.
[2024-07-11T08:21:17.582+0000] {logging_mixin.py:188} INFO - [2024-07-11T08:21:17.582+0000] {graph.py:335} INFO - Total nodes: 4
[2024-07-11T08:21:17.583+0000] {logging_mixin.py:188} INFO - [2024-07-11T08:21:17.583+0000] {graph.py:336} INFO - Total filtered nodes: 4
[2024-07-11T08:21:17.584+0000] {logging_mixin.py:188} INFO - [2024-07-11T08:21:17.584+0000] {converter.py:251} INFO - Cosmos performance (store_data_from_kaggle__transform) -  [0446fad28ee8|1255]: It took 9.0s to parse the dbt project for DAG using LoadMode.DBT_LS
[2024-07-11T08:21:17.589+0000] {logging_mixin.py:188} INFO - [2024-07-11T08:21:17.588+0000] {converter.py:293} INFO - Cosmos performance (store_data_from_kaggle__transform) - [0446fad28ee8|1255]: It took 0.00447s to build the Airflow DAG.
[2024-07-11T08:21:17.592+0000] {logging_mixin.py:188} INFO - [2024-07-11T08:21:17.591+0000] {graph.py:377} INFO - Trying to parse the dbt project using dbt ls cache cosmos_cache__store_data_from_kaggle__report...
[2024-07-11T08:21:17.596+0000] {logging_mixin.py:188} INFO - [2024-07-11T08:21:17.595+0000] {cache.py:259} INFO - Cosmos performance: time to calculate cache identifier cosmos_cache__store_data_from_kaggle__report for current version: 0.0007100230013747932
[2024-07-11T08:21:17.596+0000] {logging_mixin.py:188} INFO - [2024-07-11T08:21:17.596+0000] {graph.py:404} INFO - Cosmos performance: Cache miss for cosmos_cache__store_data_from_kaggle__report - skipped
[2024-07-11T08:21:17.597+0000] {logging_mixin.py:188} INFO - [2024-07-11T08:21:17.597+0000] {graph.py:425} INFO - Trying to parse the dbt project in `/opt/airflow/include/dbt` using dbt ls...
[2024-07-11T08:21:17.599+0000] {logging_mixin.py:188} INFO - [2024-07-11T08:21:17.598+0000] {graph.py:444} INFO - Partial parse is enabled and the latest partial parse file is /tmp/cosmos/store_data_from_kaggle__report/target/partial_parse.msgpack
[2024-07-11T08:21:17.609+0000] {logging_mixin.py:188} INFO - [2024-07-11T08:21:17.608+0000] {config.py:288} INFO - Using user-supplied profiles.yml at /opt/airflow/include/dbt/profiles.yml
[2024-07-11T08:21:17.610+0000] {logging_mixin.py:188} INFO - [2024-07-11T08:21:17.609+0000] {graph.py:100} INFO - Running command: `/opt/airflow/dbt_venv/bin/dbt deps --project-dir /tmp/tmpznvqg3hr --profiles-dir /opt/airflow/include/dbt --profile online_retail --target dev`
[2024-07-11T08:21:21.078+0000] {logging_mixin.py:188} INFO - [2024-07-11T08:21:21.077+0000] {graph.py:100} INFO - Running command: `/opt/airflow/dbt_venv/bin/dbt ls --output json --project-dir /tmp/tmpznvqg3hr --profiles-dir /opt/airflow/include/dbt --profile online_retail --target dev --select path:models/report`
[2024-07-11T08:21:28.338+0000] {logging_mixin.py:188} INFO - [2024-07-11T08:21:28.337+0000] {cache.py:259} INFO - Cosmos performance: time to calculate cache identifier cosmos_cache__store_data_from_kaggle__report for current version: 0.0006843250012025237
[2024-07-11T08:21:28.392+0000] {logging_mixin.py:188} INFO - [2024-07-11T08:21:28.382+0000] {graph.py:335} INFO - Total nodes: 0
[2024-07-11T08:21:28.393+0000] {logging_mixin.py:188} INFO - [2024-07-11T08:21:28.392+0000] {graph.py:336} INFO - Total filtered nodes: 0
[2024-07-11T08:21:28.394+0000] {logging_mixin.py:188} INFO - [2024-07-11T08:21:28.393+0000] {converter.py:251} INFO - Cosmos performance (store_data_from_kaggle__report) -  [0446fad28ee8|1255]: It took 10.8s to parse the dbt project for DAG using LoadMode.DBT_LS
[2024-07-11T08:21:28.395+0000] {logging_mixin.py:188} INFO - [2024-07-11T08:21:28.394+0000] {converter.py:293} INFO - Cosmos performance (store_data_from_kaggle__report) - [0446fad28ee8|1255]: It took 0.0012s to build the Airflow DAG.
[2024-07-11T08:21:28.402+0000] {processor.py:840} INFO - DAG(s) 'store_data_from_kaggle' retrieved from /opt/airflow/dags/pipeline.py
[2024-07-11T08:21:28.491+0000] {logging_mixin.py:188} INFO - [2024-07-11T08:21:28.491+0000] {dag.py:3033} INFO - Sync 1 DAGs
[2024-07-11T08:21:28.505+0000] {logging_mixin.py:188} INFO - [2024-07-11T08:21:28.505+0000] {dag.py:3820} INFO - Setting next_dagrun for store_data_from_kaggle to None, run_after=None
[2024-07-11T08:21:28.535+0000] {processor.py:183} INFO - Processing /opt/airflow/dags/pipeline.py took 19.993 seconds
[2024-07-11T08:21:58.675+0000] {processor.py:161} INFO - Started process (PID=1304) to work on /opt/airflow/dags/pipeline.py
[2024-07-11T08:21:58.676+0000] {processor.py:830} INFO - Processing file /opt/airflow/dags/pipeline.py for tasks to queue
[2024-07-11T08:21:58.679+0000] {logging_mixin.py:188} INFO - [2024-07-11T08:21:58.678+0000] {dagbag.py:538} INFO - Filling up the DagBag from /opt/airflow/dags/pipeline.py
[2024-07-11T08:21:58.690+0000] {logging_mixin.py:188} INFO - [2024-07-11T08:21:58.689+0000] {graph.py:377} INFO - Trying to parse the dbt project using dbt ls cache cosmos_cache__store_data_from_kaggle__transform...
[2024-07-11T08:21:58.706+0000] {logging_mixin.py:188} INFO - [2024-07-11T08:21:58.706+0000] {cache.py:259} INFO - Cosmos performance: time to calculate cache identifier cosmos_cache__store_data_from_kaggle__transform for current version: 0.0007356100013566902
[2024-07-11T08:21:58.707+0000] {logging_mixin.py:188} INFO - [2024-07-11T08:21:58.706+0000] {graph.py:394} INFO - Cosmos performance [0446fad28ee8|1304]: The cache size for cosmos_cache__store_data_from_kaggle__transform is 3523
[2024-07-11T08:21:58.708+0000] {logging_mixin.py:188} INFO - [2024-07-11T08:21:58.707+0000] {graph.py:402} INFO - Cosmos performance: Cache hit for cosmos_cache__store_data_from_kaggle__transform - b0444d0e7d3a0bddb58589d209f76a9e,16a7af22baa01082ccbc983a81f25573
[2024-07-11T08:21:58.708+0000] {logging_mixin.py:188} INFO - [2024-07-11T08:21:58.708+0000] {graph.py:335} INFO - Total nodes: 4
[2024-07-11T08:21:58.709+0000] {logging_mixin.py:188} INFO - [2024-07-11T08:21:58.709+0000] {graph.py:336} INFO - Total filtered nodes: 4
[2024-07-11T08:21:58.710+0000] {logging_mixin.py:188} INFO - [2024-07-11T08:21:58.709+0000] {converter.py:251} INFO - Cosmos performance (store_data_from_kaggle__transform) -  [0446fad28ee8|1304]: It took 0.0204s to parse the dbt project for DAG using LoadMode.DBT_LS_CACHE
[2024-07-11T08:21:58.713+0000] {logging_mixin.py:188} INFO - [2024-07-11T08:21:58.712+0000] {converter.py:293} INFO - Cosmos performance (store_data_from_kaggle__transform) - [0446fad28ee8|1304]: It took 0.0031s to build the Airflow DAG.
[2024-07-11T08:21:58.714+0000] {logging_mixin.py:188} INFO - [2024-07-11T08:21:58.714+0000] {graph.py:377} INFO - Trying to parse the dbt project using dbt ls cache cosmos_cache__store_data_from_kaggle__report...
[2024-07-11T08:21:58.717+0000] {logging_mixin.py:188} INFO - [2024-07-11T08:21:58.717+0000] {cache.py:259} INFO - Cosmos performance: time to calculate cache identifier cosmos_cache__store_data_from_kaggle__report for current version: 0.000541728999451152
[2024-07-11T08:21:58.727+0000] {logging_mixin.py:188} INFO - [2024-07-11T08:21:58.717+0000] {graph.py:394} INFO - Cosmos performance [0446fad28ee8|1304]: The cache size for cosmos_cache__store_data_from_kaggle__report is 263
[2024-07-11T08:21:58.728+0000] {logging_mixin.py:188} INFO - [2024-07-11T08:21:58.727+0000] {graph.py:402} INFO - Cosmos performance: Cache hit for cosmos_cache__store_data_from_kaggle__report - b0444d0e7d3a0bddb58589d209f76a9e,b19b9830823bad0cf9106c2024ac4039
[2024-07-11T08:21:58.728+0000] {logging_mixin.py:188} INFO - [2024-07-11T08:21:58.728+0000] {graph.py:335} INFO - Total nodes: 0
[2024-07-11T08:21:58.729+0000] {logging_mixin.py:188} INFO - [2024-07-11T08:21:58.729+0000] {graph.py:336} INFO - Total filtered nodes: 0
[2024-07-11T08:21:58.730+0000] {logging_mixin.py:188} INFO - [2024-07-11T08:21:58.729+0000] {converter.py:251} INFO - Cosmos performance (store_data_from_kaggle__report) -  [0446fad28ee8|1304]: It took 0.0153s to parse the dbt project for DAG using LoadMode.DBT_LS_CACHE
[2024-07-11T08:21:58.736+0000] {logging_mixin.py:188} INFO - [2024-07-11T08:21:58.730+0000] {converter.py:293} INFO - Cosmos performance (store_data_from_kaggle__report) - [0446fad28ee8|1304]: It took 0.000699s to build the Airflow DAG.
[2024-07-11T08:21:58.742+0000] {processor.py:840} INFO - DAG(s) 'store_data_from_kaggle' retrieved from /opt/airflow/dags/pipeline.py
[2024-07-11T08:21:58.769+0000] {logging_mixin.py:188} INFO - [2024-07-11T08:21:58.769+0000] {dag.py:3033} INFO - Sync 1 DAGs
[2024-07-11T08:21:58.785+0000] {logging_mixin.py:188} INFO - [2024-07-11T08:21:58.784+0000] {dag.py:3820} INFO - Setting next_dagrun for store_data_from_kaggle to None, run_after=None
[2024-07-11T08:21:58.807+0000] {processor.py:183} INFO - Processing /opt/airflow/dags/pipeline.py took 0.146 seconds
[2024-07-11T08:22:28.956+0000] {processor.py:161} INFO - Started process (PID=1322) to work on /opt/airflow/dags/pipeline.py
[2024-07-11T08:22:28.957+0000] {processor.py:830} INFO - Processing file /opt/airflow/dags/pipeline.py for tasks to queue
[2024-07-11T08:22:28.959+0000] {logging_mixin.py:188} INFO - [2024-07-11T08:22:28.959+0000] {dagbag.py:538} INFO - Filling up the DagBag from /opt/airflow/dags/pipeline.py
[2024-07-11T08:22:28.970+0000] {logging_mixin.py:188} INFO - [2024-07-11T08:22:28.970+0000] {graph.py:377} INFO - Trying to parse the dbt project using dbt ls cache cosmos_cache__store_data_from_kaggle__transform...
[2024-07-11T08:22:28.986+0000] {logging_mixin.py:188} INFO - [2024-07-11T08:22:28.986+0000] {cache.py:259} INFO - Cosmos performance: time to calculate cache identifier cosmos_cache__store_data_from_kaggle__transform for current version: 0.0007549260008090641
[2024-07-11T08:22:28.987+0000] {logging_mixin.py:188} INFO - [2024-07-11T08:22:28.987+0000] {graph.py:394} INFO - Cosmos performance [0446fad28ee8|1322]: The cache size for cosmos_cache__store_data_from_kaggle__transform is 3523
[2024-07-11T08:22:28.988+0000] {logging_mixin.py:188} INFO - [2024-07-11T08:22:28.988+0000] {graph.py:402} INFO - Cosmos performance: Cache hit for cosmos_cache__store_data_from_kaggle__transform - b0444d0e7d3a0bddb58589d209f76a9e,16a7af22baa01082ccbc983a81f25573
[2024-07-11T08:22:28.989+0000] {logging_mixin.py:188} INFO - [2024-07-11T08:22:28.988+0000] {graph.py:335} INFO - Total nodes: 4
[2024-07-11T08:22:28.990+0000] {logging_mixin.py:188} INFO - [2024-07-11T08:22:28.989+0000] {graph.py:336} INFO - Total filtered nodes: 4
[2024-07-11T08:22:28.990+0000] {logging_mixin.py:188} INFO - [2024-07-11T08:22:28.990+0000] {converter.py:251} INFO - Cosmos performance (store_data_from_kaggle__transform) -  [0446fad28ee8|1322]: It took 0.0201s to parse the dbt project for DAG using LoadMode.DBT_LS_CACHE
[2024-07-11T08:22:28.993+0000] {logging_mixin.py:188} INFO - [2024-07-11T08:22:28.993+0000] {converter.py:293} INFO - Cosmos performance (store_data_from_kaggle__transform) - [0446fad28ee8|1322]: It took 0.00322s to build the Airflow DAG.
[2024-07-11T08:22:28.995+0000] {logging_mixin.py:188} INFO - [2024-07-11T08:22:28.995+0000] {graph.py:377} INFO - Trying to parse the dbt project using dbt ls cache cosmos_cache__store_data_from_kaggle__report...
[2024-07-11T08:22:28.998+0000] {logging_mixin.py:188} INFO - [2024-07-11T08:22:28.998+0000] {cache.py:259} INFO - Cosmos performance: time to calculate cache identifier cosmos_cache__store_data_from_kaggle__report for current version: 0.000638749999779975
[2024-07-11T08:22:28.999+0000] {logging_mixin.py:188} INFO - [2024-07-11T08:22:28.998+0000] {graph.py:394} INFO - Cosmos performance [0446fad28ee8|1322]: The cache size for cosmos_cache__store_data_from_kaggle__report is 263
[2024-07-11T08:22:29.000+0000] {logging_mixin.py:188} INFO - [2024-07-11T08:22:28.999+0000] {graph.py:402} INFO - Cosmos performance: Cache hit for cosmos_cache__store_data_from_kaggle__report - b0444d0e7d3a0bddb58589d209f76a9e,b19b9830823bad0cf9106c2024ac4039
[2024-07-11T08:22:29.001+0000] {logging_mixin.py:188} INFO - [2024-07-11T08:22:29.000+0000] {graph.py:335} INFO - Total nodes: 0
[2024-07-11T08:22:29.001+0000] {logging_mixin.py:188} INFO - [2024-07-11T08:22:29.001+0000] {graph.py:336} INFO - Total filtered nodes: 0
[2024-07-11T08:22:29.003+0000] {logging_mixin.py:188} INFO - [2024-07-11T08:22:29.001+0000] {converter.py:251} INFO - Cosmos performance (store_data_from_kaggle__report) -  [0446fad28ee8|1322]: It took 0.00661s to parse the dbt project for DAG using LoadMode.DBT_LS_CACHE
[2024-07-11T08:22:29.004+0000] {logging_mixin.py:188} INFO - [2024-07-11T08:22:29.004+0000] {converter.py:293} INFO - Cosmos performance (store_data_from_kaggle__report) - [0446fad28ee8|1322]: It took 0.00245s to build the Airflow DAG.
[2024-07-11T08:22:29.009+0000] {processor.py:840} INFO - DAG(s) 'store_data_from_kaggle' retrieved from /opt/airflow/dags/pipeline.py
[2024-07-11T08:22:29.030+0000] {logging_mixin.py:188} INFO - [2024-07-11T08:22:29.030+0000] {dag.py:3033} INFO - Sync 1 DAGs
[2024-07-11T08:22:29.045+0000] {logging_mixin.py:188} INFO - [2024-07-11T08:22:29.045+0000] {dag.py:3820} INFO - Setting next_dagrun for store_data_from_kaggle to None, run_after=None
[2024-07-11T08:22:29.069+0000] {processor.py:183} INFO - Processing /opt/airflow/dags/pipeline.py took 0.116 seconds
[2024-07-11T08:22:59.189+0000] {processor.py:161} INFO - Started process (PID=1348) to work on /opt/airflow/dags/pipeline.py
[2024-07-11T08:22:59.189+0000] {processor.py:830} INFO - Processing file /opt/airflow/dags/pipeline.py for tasks to queue
[2024-07-11T08:22:59.191+0000] {logging_mixin.py:188} INFO - [2024-07-11T08:22:59.191+0000] {dagbag.py:538} INFO - Filling up the DagBag from /opt/airflow/dags/pipeline.py
[2024-07-11T08:22:59.199+0000] {logging_mixin.py:188} INFO - [2024-07-11T08:22:59.198+0000] {graph.py:377} INFO - Trying to parse the dbt project using dbt ls cache cosmos_cache__store_data_from_kaggle__transform...
[2024-07-11T08:22:59.210+0000] {logging_mixin.py:188} INFO - [2024-07-11T08:22:59.210+0000] {cache.py:259} INFO - Cosmos performance: time to calculate cache identifier cosmos_cache__store_data_from_kaggle__transform for current version: 0.00048404100016341545
[2024-07-11T08:22:59.211+0000] {logging_mixin.py:188} INFO - [2024-07-11T08:22:59.211+0000] {graph.py:394} INFO - Cosmos performance [0446fad28ee8|1348]: The cache size for cosmos_cache__store_data_from_kaggle__transform is 3523
[2024-07-11T08:22:59.212+0000] {logging_mixin.py:188} INFO - [2024-07-11T08:22:59.211+0000] {graph.py:402} INFO - Cosmos performance: Cache hit for cosmos_cache__store_data_from_kaggle__transform - b0444d0e7d3a0bddb58589d209f76a9e,16a7af22baa01082ccbc983a81f25573
[2024-07-11T08:22:59.212+0000] {logging_mixin.py:188} INFO - [2024-07-11T08:22:59.212+0000] {graph.py:335} INFO - Total nodes: 4
[2024-07-11T08:22:59.213+0000] {logging_mixin.py:188} INFO - [2024-07-11T08:22:59.212+0000] {graph.py:336} INFO - Total filtered nodes: 4
[2024-07-11T08:22:59.213+0000] {logging_mixin.py:188} INFO - [2024-07-11T08:22:59.213+0000] {converter.py:251} INFO - Cosmos performance (store_data_from_kaggle__transform) -  [0446fad28ee8|1348]: It took 0.0148s to parse the dbt project for DAG using LoadMode.DBT_LS_CACHE
[2024-07-11T08:22:59.215+0000] {logging_mixin.py:188} INFO - [2024-07-11T08:22:59.215+0000] {converter.py:293} INFO - Cosmos performance (store_data_from_kaggle__transform) - [0446fad28ee8|1348]: It took 0.00212s to build the Airflow DAG.
[2024-07-11T08:22:59.217+0000] {logging_mixin.py:188} INFO - [2024-07-11T08:22:59.216+0000] {graph.py:377} INFO - Trying to parse the dbt project using dbt ls cache cosmos_cache__store_data_from_kaggle__report...
[2024-07-11T08:22:59.219+0000] {logging_mixin.py:188} INFO - [2024-07-11T08:22:59.219+0000] {cache.py:259} INFO - Cosmos performance: time to calculate cache identifier cosmos_cache__store_data_from_kaggle__report for current version: 0.00043139399895153474
[2024-07-11T08:22:59.219+0000] {logging_mixin.py:188} INFO - [2024-07-11T08:22:59.219+0000] {graph.py:394} INFO - Cosmos performance [0446fad28ee8|1348]: The cache size for cosmos_cache__store_data_from_kaggle__report is 263
[2024-07-11T08:22:59.220+0000] {logging_mixin.py:188} INFO - [2024-07-11T08:22:59.220+0000] {graph.py:402} INFO - Cosmos performance: Cache hit for cosmos_cache__store_data_from_kaggle__report - b0444d0e7d3a0bddb58589d209f76a9e,b19b9830823bad0cf9106c2024ac4039
[2024-07-11T08:22:59.220+0000] {logging_mixin.py:188} INFO - [2024-07-11T08:22:59.220+0000] {graph.py:335} INFO - Total nodes: 0
[2024-07-11T08:22:59.221+0000] {logging_mixin.py:188} INFO - [2024-07-11T08:22:59.221+0000] {graph.py:336} INFO - Total filtered nodes: 0
[2024-07-11T08:22:59.221+0000] {logging_mixin.py:188} INFO - [2024-07-11T08:22:59.221+0000] {converter.py:251} INFO - Cosmos performance (store_data_from_kaggle__report) -  [0446fad28ee8|1348]: It took 0.00472s to parse the dbt project for DAG using LoadMode.DBT_LS_CACHE
[2024-07-11T08:22:59.222+0000] {logging_mixin.py:188} INFO - [2024-07-11T08:22:59.222+0000] {converter.py:293} INFO - Cosmos performance (store_data_from_kaggle__report) - [0446fad28ee8|1348]: It took 0.000576s to build the Airflow DAG.
[2024-07-11T08:22:59.226+0000] {processor.py:840} INFO - DAG(s) 'store_data_from_kaggle' retrieved from /opt/airflow/dags/pipeline.py
[2024-07-11T08:22:59.239+0000] {logging_mixin.py:188} INFO - [2024-07-11T08:22:59.239+0000] {dag.py:3033} INFO - Sync 1 DAGs
[2024-07-11T08:22:59.248+0000] {logging_mixin.py:188} INFO - [2024-07-11T08:22:59.248+0000] {dag.py:3820} INFO - Setting next_dagrun for store_data_from_kaggle to None, run_after=None
[2024-07-11T08:22:59.268+0000] {processor.py:183} INFO - Processing /opt/airflow/dags/pipeline.py took 0.081 seconds
[2024-07-11T08:23:29.332+0000] {processor.py:161} INFO - Started process (PID=1365) to work on /opt/airflow/dags/pipeline.py
[2024-07-11T08:23:29.333+0000] {processor.py:830} INFO - Processing file /opt/airflow/dags/pipeline.py for tasks to queue
[2024-07-11T08:23:29.335+0000] {logging_mixin.py:188} INFO - [2024-07-11T08:23:29.335+0000] {dagbag.py:538} INFO - Filling up the DagBag from /opt/airflow/dags/pipeline.py
[2024-07-11T08:23:29.345+0000] {logging_mixin.py:188} INFO - [2024-07-11T08:23:29.345+0000] {graph.py:377} INFO - Trying to parse the dbt project using dbt ls cache cosmos_cache__store_data_from_kaggle__transform...
[2024-07-11T08:23:29.362+0000] {logging_mixin.py:188} INFO - [2024-07-11T08:23:29.362+0000] {cache.py:259} INFO - Cosmos performance: time to calculate cache identifier cosmos_cache__store_data_from_kaggle__transform for current version: 0.0006953459997021127
[2024-07-11T08:23:29.363+0000] {logging_mixin.py:188} INFO - [2024-07-11T08:23:29.363+0000] {graph.py:394} INFO - Cosmos performance [0446fad28ee8|1365]: The cache size for cosmos_cache__store_data_from_kaggle__transform is 3523
[2024-07-11T08:23:29.365+0000] {logging_mixin.py:188} INFO - [2024-07-11T08:23:29.364+0000] {graph.py:402} INFO - Cosmos performance: Cache hit for cosmos_cache__store_data_from_kaggle__transform - b0444d0e7d3a0bddb58589d209f76a9e,16a7af22baa01082ccbc983a81f25573
[2024-07-11T08:23:29.366+0000] {logging_mixin.py:188} INFO - [2024-07-11T08:23:29.365+0000] {graph.py:335} INFO - Total nodes: 4
[2024-07-11T08:23:29.366+0000] {logging_mixin.py:188} INFO - [2024-07-11T08:23:29.366+0000] {graph.py:336} INFO - Total filtered nodes: 4
[2024-07-11T08:23:29.367+0000] {logging_mixin.py:188} INFO - [2024-07-11T08:23:29.367+0000] {converter.py:251} INFO - Cosmos performance (store_data_from_kaggle__transform) -  [0446fad28ee8|1365]: It took 0.0219s to parse the dbt project for DAG using LoadMode.DBT_LS_CACHE
[2024-07-11T08:23:29.371+0000] {logging_mixin.py:188} INFO - [2024-07-11T08:23:29.370+0000] {converter.py:293} INFO - Cosmos performance (store_data_from_kaggle__transform) - [0446fad28ee8|1365]: It took 0.00363s to build the Airflow DAG.
[2024-07-11T08:23:29.373+0000] {logging_mixin.py:188} INFO - [2024-07-11T08:23:29.372+0000] {graph.py:377} INFO - Trying to parse the dbt project using dbt ls cache cosmos_cache__store_data_from_kaggle__report...
[2024-07-11T08:23:29.376+0000] {logging_mixin.py:188} INFO - [2024-07-11T08:23:29.376+0000] {cache.py:259} INFO - Cosmos performance: time to calculate cache identifier cosmos_cache__store_data_from_kaggle__report for current version: 0.0006326390011963667
[2024-07-11T08:23:29.377+0000] {logging_mixin.py:188} INFO - [2024-07-11T08:23:29.377+0000] {graph.py:394} INFO - Cosmos performance [0446fad28ee8|1365]: The cache size for cosmos_cache__store_data_from_kaggle__report is 263
[2024-07-11T08:23:29.378+0000] {logging_mixin.py:188} INFO - [2024-07-11T08:23:29.378+0000] {graph.py:402} INFO - Cosmos performance: Cache hit for cosmos_cache__store_data_from_kaggle__report - b0444d0e7d3a0bddb58589d209f76a9e,b19b9830823bad0cf9106c2024ac4039
[2024-07-11T08:23:29.379+0000] {logging_mixin.py:188} INFO - [2024-07-11T08:23:29.378+0000] {graph.py:335} INFO - Total nodes: 0
[2024-07-11T08:23:29.380+0000] {logging_mixin.py:188} INFO - [2024-07-11T08:23:29.379+0000] {graph.py:336} INFO - Total filtered nodes: 0
[2024-07-11T08:23:29.381+0000] {logging_mixin.py:188} INFO - [2024-07-11T08:23:29.380+0000] {converter.py:251} INFO - Cosmos performance (store_data_from_kaggle__report) -  [0446fad28ee8|1365]: It took 0.00779s to parse the dbt project for DAG using LoadMode.DBT_LS_CACHE
[2024-07-11T08:23:29.382+0000] {logging_mixin.py:188} INFO - [2024-07-11T08:23:29.381+0000] {converter.py:293} INFO - Cosmos performance (store_data_from_kaggle__report) - [0446fad28ee8|1365]: It took 0.00101s to build the Airflow DAG.
[2024-07-11T08:23:29.388+0000] {processor.py:840} INFO - DAG(s) 'store_data_from_kaggle' retrieved from /opt/airflow/dags/pipeline.py
[2024-07-11T08:23:29.409+0000] {logging_mixin.py:188} INFO - [2024-07-11T08:23:29.408+0000] {dag.py:3033} INFO - Sync 1 DAGs
[2024-07-11T08:23:29.424+0000] {logging_mixin.py:188} INFO - [2024-07-11T08:23:29.423+0000] {dag.py:3820} INFO - Setting next_dagrun for store_data_from_kaggle to None, run_after=None
[2024-07-11T08:23:29.446+0000] {processor.py:183} INFO - Processing /opt/airflow/dags/pipeline.py took 0.117 seconds
[2024-07-11T08:23:59.555+0000] {processor.py:161} INFO - Started process (PID=1389) to work on /opt/airflow/dags/pipeline.py
[2024-07-11T08:23:59.557+0000] {processor.py:830} INFO - Processing file /opt/airflow/dags/pipeline.py for tasks to queue
[2024-07-11T08:23:59.560+0000] {logging_mixin.py:188} INFO - [2024-07-11T08:23:59.560+0000] {dagbag.py:538} INFO - Filling up the DagBag from /opt/airflow/dags/pipeline.py
[2024-07-11T08:23:59.583+0000] {logging_mixin.py:188} INFO - [2024-07-11T08:23:59.572+0000] {graph.py:377} INFO - Trying to parse the dbt project using dbt ls cache cosmos_cache__store_data_from_kaggle__transform...
[2024-07-11T08:23:59.605+0000] {logging_mixin.py:188} INFO - [2024-07-11T08:23:59.601+0000] {cache.py:259} INFO - Cosmos performance: time to calculate cache identifier cosmos_cache__store_data_from_kaggle__transform for current version: 0.0008115620003081858
[2024-07-11T08:23:59.605+0000] {logging_mixin.py:188} INFO - [2024-07-11T08:23:59.605+0000] {graph.py:394} INFO - Cosmos performance [0446fad28ee8|1389]: The cache size for cosmos_cache__store_data_from_kaggle__transform is 3523
[2024-07-11T08:23:59.606+0000] {logging_mixin.py:188} INFO - [2024-07-11T08:23:59.606+0000] {graph.py:402} INFO - Cosmos performance: Cache hit for cosmos_cache__store_data_from_kaggle__transform - b0444d0e7d3a0bddb58589d209f76a9e,16a7af22baa01082ccbc983a81f25573
[2024-07-11T08:23:59.607+0000] {logging_mixin.py:188} INFO - [2024-07-11T08:23:59.606+0000] {graph.py:335} INFO - Total nodes: 4
[2024-07-11T08:23:59.607+0000] {logging_mixin.py:188} INFO - [2024-07-11T08:23:59.607+0000] {graph.py:336} INFO - Total filtered nodes: 4
[2024-07-11T08:23:59.607+0000] {logging_mixin.py:188} INFO - [2024-07-11T08:23:59.607+0000] {converter.py:251} INFO - Cosmos performance (store_data_from_kaggle__transform) -  [0446fad28ee8|1389]: It took 0.035s to parse the dbt project for DAG using LoadMode.DBT_LS_CACHE
[2024-07-11T08:23:59.614+0000] {logging_mixin.py:188} INFO - [2024-07-11T08:23:59.614+0000] {converter.py:293} INFO - Cosmos performance (store_data_from_kaggle__transform) - [0446fad28ee8|1389]: It took 0.00645s to build the Airflow DAG.
[2024-07-11T08:23:59.616+0000] {logging_mixin.py:188} INFO - [2024-07-11T08:23:59.616+0000] {graph.py:377} INFO - Trying to parse the dbt project using dbt ls cache cosmos_cache__store_data_from_kaggle__report...
[2024-07-11T08:23:59.620+0000] {logging_mixin.py:188} INFO - [2024-07-11T08:23:59.619+0000] {cache.py:259} INFO - Cosmos performance: time to calculate cache identifier cosmos_cache__store_data_from_kaggle__report for current version: 0.000629411999398144
[2024-07-11T08:23:59.621+0000] {logging_mixin.py:188} INFO - [2024-07-11T08:23:59.621+0000] {graph.py:394} INFO - Cosmos performance [0446fad28ee8|1389]: The cache size for cosmos_cache__store_data_from_kaggle__report is 263
[2024-07-11T08:23:59.624+0000] {logging_mixin.py:188} INFO - [2024-07-11T08:23:59.621+0000] {graph.py:402} INFO - Cosmos performance: Cache hit for cosmos_cache__store_data_from_kaggle__report - b0444d0e7d3a0bddb58589d209f76a9e,b19b9830823bad0cf9106c2024ac4039
[2024-07-11T08:23:59.625+0000] {logging_mixin.py:188} INFO - [2024-07-11T08:23:59.625+0000] {graph.py:335} INFO - Total nodes: 0
[2024-07-11T08:23:59.626+0000] {logging_mixin.py:188} INFO - [2024-07-11T08:23:59.625+0000] {graph.py:336} INFO - Total filtered nodes: 0
[2024-07-11T08:23:59.627+0000] {logging_mixin.py:188} INFO - [2024-07-11T08:23:59.627+0000] {converter.py:251} INFO - Cosmos performance (store_data_from_kaggle__report) -  [0446fad28ee8|1389]: It took 0.0108s to parse the dbt project for DAG using LoadMode.DBT_LS_CACHE
[2024-07-11T08:23:59.628+0000] {logging_mixin.py:188} INFO - [2024-07-11T08:23:59.628+0000] {converter.py:293} INFO - Cosmos performance (store_data_from_kaggle__report) - [0446fad28ee8|1389]: It took 0.0012s to build the Airflow DAG.
[2024-07-11T08:23:59.635+0000] {processor.py:840} INFO - DAG(s) 'store_data_from_kaggle' retrieved from /opt/airflow/dags/pipeline.py
[2024-07-11T08:23:59.661+0000] {logging_mixin.py:188} INFO - [2024-07-11T08:23:59.660+0000] {dag.py:3033} INFO - Sync 1 DAGs
[2024-07-11T08:23:59.686+0000] {logging_mixin.py:188} INFO - [2024-07-11T08:23:59.686+0000] {dag.py:3820} INFO - Setting next_dagrun for store_data_from_kaggle to None, run_after=None
[2024-07-11T08:23:59.724+0000] {processor.py:183} INFO - Processing /opt/airflow/dags/pipeline.py took 0.177 seconds
[2024-07-11T08:24:29.884+0000] {processor.py:161} INFO - Started process (PID=1409) to work on /opt/airflow/dags/pipeline.py
[2024-07-11T08:24:29.899+0000] {processor.py:830} INFO - Processing file /opt/airflow/dags/pipeline.py for tasks to queue
[2024-07-11T08:24:29.901+0000] {logging_mixin.py:188} INFO - [2024-07-11T08:24:29.901+0000] {dagbag.py:538} INFO - Filling up the DagBag from /opt/airflow/dags/pipeline.py
[2024-07-11T08:24:29.913+0000] {logging_mixin.py:188} INFO - [2024-07-11T08:24:29.912+0000] {graph.py:377} INFO - Trying to parse the dbt project using dbt ls cache cosmos_cache__store_data_from_kaggle__transform...
[2024-07-11T08:24:29.946+0000] {logging_mixin.py:188} INFO - [2024-07-11T08:24:29.945+0000] {cache.py:259} INFO - Cosmos performance: time to calculate cache identifier cosmos_cache__store_data_from_kaggle__transform for current version: 0.0007377050005743513
[2024-07-11T08:24:29.947+0000] {logging_mixin.py:188} INFO - [2024-07-11T08:24:29.946+0000] {graph.py:394} INFO - Cosmos performance [0446fad28ee8|1409]: The cache size for cosmos_cache__store_data_from_kaggle__transform is 3523
[2024-07-11T08:24:29.948+0000] {logging_mixin.py:188} INFO - [2024-07-11T08:24:29.947+0000] {graph.py:402} INFO - Cosmos performance: Cache hit for cosmos_cache__store_data_from_kaggle__transform - b0444d0e7d3a0bddb58589d209f76a9e,16a7af22baa01082ccbc983a81f25573
[2024-07-11T08:24:29.949+0000] {logging_mixin.py:188} INFO - [2024-07-11T08:24:29.948+0000] {graph.py:335} INFO - Total nodes: 4
[2024-07-11T08:24:29.949+0000] {logging_mixin.py:188} INFO - [2024-07-11T08:24:29.949+0000] {graph.py:336} INFO - Total filtered nodes: 4
[2024-07-11T08:24:29.950+0000] {logging_mixin.py:188} INFO - [2024-07-11T08:24:29.949+0000] {converter.py:251} INFO - Cosmos performance (store_data_from_kaggle__transform) -  [0446fad28ee8|1409]: It took 0.0373s to parse the dbt project for DAG using LoadMode.DBT_LS_CACHE
[2024-07-11T08:24:29.957+0000] {logging_mixin.py:188} INFO - [2024-07-11T08:24:29.957+0000] {converter.py:293} INFO - Cosmos performance (store_data_from_kaggle__transform) - [0446fad28ee8|1409]: It took 0.00755s to build the Airflow DAG.
[2024-07-11T08:24:29.960+0000] {logging_mixin.py:188} INFO - [2024-07-11T08:24:29.959+0000] {graph.py:377} INFO - Trying to parse the dbt project using dbt ls cache cosmos_cache__store_data_from_kaggle__report...
[2024-07-11T08:24:29.968+0000] {logging_mixin.py:188} INFO - [2024-07-11T08:24:29.966+0000] {cache.py:259} INFO - Cosmos performance: time to calculate cache identifier cosmos_cache__store_data_from_kaggle__report for current version: 0.0006971590009925421
[2024-07-11T08:24:29.972+0000] {logging_mixin.py:188} INFO - [2024-07-11T08:24:29.969+0000] {graph.py:394} INFO - Cosmos performance [0446fad28ee8|1409]: The cache size for cosmos_cache__store_data_from_kaggle__report is 263
[2024-07-11T08:24:29.973+0000] {logging_mixin.py:188} INFO - [2024-07-11T08:24:29.972+0000] {graph.py:402} INFO - Cosmos performance: Cache hit for cosmos_cache__store_data_from_kaggle__report - b0444d0e7d3a0bddb58589d209f76a9e,b19b9830823bad0cf9106c2024ac4039
[2024-07-11T08:24:29.974+0000] {logging_mixin.py:188} INFO - [2024-07-11T08:24:29.973+0000] {graph.py:335} INFO - Total nodes: 0
[2024-07-11T08:24:29.975+0000] {logging_mixin.py:188} INFO - [2024-07-11T08:24:29.974+0000] {graph.py:336} INFO - Total filtered nodes: 0
[2024-07-11T08:24:29.975+0000] {logging_mixin.py:188} INFO - [2024-07-11T08:24:29.975+0000] {converter.py:251} INFO - Cosmos performance (store_data_from_kaggle__report) -  [0446fad28ee8|1409]: It took 0.016s to parse the dbt project for DAG using LoadMode.DBT_LS_CACHE
[2024-07-11T08:24:29.984+0000] {logging_mixin.py:188} INFO - [2024-07-11T08:24:29.976+0000] {converter.py:293} INFO - Cosmos performance (store_data_from_kaggle__report) - [0446fad28ee8|1409]: It took 0.00129s to build the Airflow DAG.
[2024-07-11T08:24:29.991+0000] {processor.py:840} INFO - DAG(s) 'store_data_from_kaggle' retrieved from /opt/airflow/dags/pipeline.py
[2024-07-11T08:24:30.047+0000] {logging_mixin.py:188} INFO - [2024-07-11T08:24:30.047+0000] {dag.py:3033} INFO - Sync 1 DAGs
[2024-07-11T08:24:30.103+0000] {logging_mixin.py:188} INFO - [2024-07-11T08:24:30.102+0000] {dag.py:3820} INFO - Setting next_dagrun for store_data_from_kaggle to None, run_after=None
[2024-07-11T08:24:30.139+0000] {processor.py:183} INFO - Processing /opt/airflow/dags/pipeline.py took 0.259 seconds
